C:\Program Files (x86)\MSBuild\Microsoft.Cpp\v4.0\V140\Microsoft.CppBuild.targets(368,5): warning MSB8004: Output Directory does not end with a trailing slash.  This build instance will add the slash as it is required to allow proper evaluation of the Output Directory.
  StdAfx.cpp
e:\demo\lenovo\duilib\listex\duilib\Core/UIManager.h(48): warning C4091: “typedef ”: 没有声明变量时忽略“DuiLib::EVENTTYPE_UI”的左侧
  WinImplBase.cpp
e:\demo\lenovo\duilib\listex\duilib\Core/UIManager.h(48): warning C4091: “typedef ”: 没有声明变量时忽略“DuiLib::EVENTTYPE_UI”的左侧
  Utils.cpp
e:\demo\lenovo\duilib\listex\duilib\Core/UIManager.h(48): warning C4091: “typedef ”: 没有声明变量时忽略“DuiLib::EVENTTYPE_UI”的左侧
  UIUtil.cpp
e:\demo\lenovo\duilib\listex\duilib\Core/UIManager.h(48): warning C4091: “typedef ”: 没有声明变量时忽略“DuiLib::EVENTTYPE_UI”的左侧
  UIDelegate.cpp
e:\demo\lenovo\duilib\listex\duilib\Core/UIManager.h(48): warning C4091: “typedef ”: 没有声明变量时忽略“DuiLib::EVENTTYPE_UI”的左侧
  UIlib.cpp
e:\demo\lenovo\duilib\listex\duilib\Core/UIManager.h(48): warning C4091: “typedef ”: 没有声明变量时忽略“DuiLib::EVENTTYPE_UI”的左侧
  UIVerticalLayout.cpp
e:\demo\lenovo\duilib\listex\duilib\Core/UIManager.h(48): warning C4091: “typedef ”: 没有声明变量时忽略“DuiLib::EVENTTYPE_UI”的左侧
Layout\UIVerticalLayout.cpp(262): warning C4302: “类型转换”: 从“LPWSTR”到“WORD”截断
  UITileLayout.cpp
e:\demo\lenovo\duilib\listex\duilib\Core/UIManager.h(48): warning C4091: “typedef ”: 没有声明变量时忽略“DuiLib::EVENTTYPE_UI”的左侧
  UITabLayout.cpp
e:\demo\lenovo\duilib\listex\duilib\Core/UIManager.h(48): warning C4091: “typedef ”: 没有声明变量时忽略“DuiLib::EVENTTYPE_UI”的左侧
  UIHorizontalLayout.cpp
e:\demo\lenovo\duilib\listex\duilib\Core/UIManager.h(48): warning C4091: “typedef ”: 没有声明变量时忽略“DuiLib::EVENTTYPE_UI”的左侧
Layout\UIHorizontalLayout.cpp(257): warning C4302: “类型转换”: 从“LPWSTR”到“WORD”截断
  UIChildLayout.cpp
e:\demo\lenovo\duilib\listex\duilib\Core/UIManager.h(48): warning C4091: “typedef ”: 没有声明变量时忽略“DuiLib::EVENTTYPE_UI”的左侧
  UIShadow.cpp
e:\demo\lenovo\duilib\listex\duilib\Core/UIManager.h(48): warning C4091: “typedef ”: 没有声明变量时忽略“DuiLib::EVENTTYPE_UI”的左侧
  UISequencePicture.cpp
e:\demo\lenovo\duilib\listex\duilib\Core/UIManager.h(48): warning C4091: “typedef ”: 没有声明变量时忽略“DuiLib::EVENTTYPE_UI”的左侧
Exten\UISequencePicture.cpp(106): warning C4800: “BOOL”: 将值强制为布尔值“true”或“false”(性能警告)
  UIAnimationOption.cpp
e:\demo\lenovo\duilib\listex\duilib\Core/UIManager.h(48): warning C4091: “typedef ”: 没有声明变量时忽略“DuiLib::EVENTTYPE_UI”的左侧
  RotateAnimateUI.cpp
e:\demo\lenovo\duilib\listex\duilib\Core/UIManager.h(48): warning C4091: “typedef ”: 没有声明变量时忽略“DuiLib::EVENTTYPE_UI”的左侧
  CProgressEx.cpp
e:\demo\lenovo\duilib\listex\duilib\Core/UIManager.h(48): warning C4091: “typedef ”: 没有声明变量时忽略“DuiLib::EVENTTYPE_UI”的左侧
  CommonMsgBox.cpp
e:\demo\lenovo\duilib\listex\duilib\Core/UIManager.h(48): warning C4091: “typedef ”: 没有声明变量时忽略“DuiLib::EVENTTYPE_UI”的左侧
Exten\CommonMsgBox.cpp(18): warning C4800: “BOOL”: 将值强制为布尔值“true”或“false”(性能警告)
Exten\CommonMsgBox.cpp(132): warning C4129: “/”: 不可识别的字符转义序列
  CButtonSwitchEx.cpp
e:\demo\lenovo\duilib\listex\duilib\Core/UIManager.h(48): warning C4091: “typedef ”: 没有声明变量时忽略“DuiLib::EVENTTYPE_UI”的左侧
Exten\CButtonSwitchEx.cpp(51): warning C4244: “初始化”: 从“int”转换到“float”，可能丢失数据
Exten\CButtonSwitchEx.cpp(54): warning C4244: “初始化”: 从“int”转换到“float”，可能丢失数据
Exten\CButtonSwitchEx.cpp(54): warning C4244: “=”: 从“double”转换到“float”，可能丢失数据
Exten\CButtonSwitchEx.cpp(60): warning C4244: “参数”: 从“float”转换到“int”，可能丢失数据
Exten\CButtonSwitchEx.cpp(75): warning C4244: “初始化”: 从“int”转换到“float”，可能丢失数据
Exten\CButtonSwitchEx.cpp(76): warning C4244: “初始化”: 从“int”转换到“float”，可能丢失数据
Exten\CButtonSwitchEx.cpp(76): warning C4244: “=”: 从“double”转换到“float”，可能丢失数据
Exten\CButtonSwitchEx.cpp(82): warning C4244: “参数”: 从“float”转换到“int”，可能丢失数据
  UIRender.cpp
e:\demo\lenovo\duilib\listex\duilib\Core/UIManager.h(48): warning C4091: “typedef ”: 没有声明变量时忽略“DuiLib::EVENTTYPE_UI”的左侧
Core\UIRender.cpp(1159): warning C4838: 从“int”转换到“COLOR16”需要收缩转换
Core\UIRender.cpp(2169): warning C4244: “参数”: 从“int”转换到“Gdiplus::REAL”，可能丢失数据
Core\UIRender.cpp(2171): warning C4244: “参数”: 从“DWORD”转换到“Gdiplus::REAL”，可能丢失数据
  UIMarkup.cpp
e:\demo\lenovo\duilib\listex\duilib\Core/UIManager.h(48): warning C4091: “typedef ”: 没有声明变量时忽略“DuiLib::EVENTTYPE_UI”的左侧
  UIManager.cpp
e:\demo\lenovo\duilib\listex\duilib\Core/UIManager.h(48): warning C4091: “typedef ”: 没有声明变量时忽略“DuiLib::EVENTTYPE_UI”的左侧
  正在生成代码...
  正在编译...
  UIDlgBuilder.cpp
e:\demo\lenovo\duilib\listex\duilib\Core/UIManager.h(48): warning C4091: “typedef ”: 没有声明变量时忽略“DuiLib::EVENTTYPE_UI”的左侧
  UIControl.cpp
e:\demo\lenovo\duilib\listex\duilib\Core/UIManager.h(48): warning C4091: “typedef ”: 没有声明变量时忽略“DuiLib::EVENTTYPE_UI”的左侧
Core\UIControl.cpp(748): warning C4302: “类型转换”: 从“LPWSTR”到“WORD”截断
  UIContainer.cpp
e:\demo\lenovo\duilib\listex\duilib\Core/UIManager.h(48): warning C4091: “typedef ”: 没有声明变量时忽略“DuiLib::EVENTTYPE_UI”的左侧
Core\UIContainer.cpp(286): warning C4800: “WPARAM”: 将值强制为布尔值“true”或“false”(性能警告)
  UIBase.cpp
e:\demo\lenovo\duilib\listex\duilib\Core/UIManager.h(48): warning C4091: “typedef ”: 没有声明变量时忽略“DuiLib::EVENTTYPE_UI”的左侧
  UIWebBrowser.cpp
e:\demo\lenovo\duilib\listex\duilib\Core/UIManager.h(48): warning C4091: “typedef ”: 没有声明变量时忽略“DuiLib::EVENTTYPE_UI”的左侧
  UITreeView.cpp
e:\demo\lenovo\duilib\listex\duilib\Core/UIManager.h(48): warning C4091: “typedef ”: 没有声明变量时忽略“DuiLib::EVENTTYPE_UI”的左侧
  UIText.cpp
e:\demo\lenovo\duilib\listex\duilib\Core/UIManager.h(48): warning C4091: “typedef ”: 没有声明变量时忽略“DuiLib::EVENTTYPE_UI”的左侧
Control\UIText.cpp(59): warning C4302: “类型转换”: 从“LPWSTR”到“WORD”截断
  UISlider.cpp
e:\demo\lenovo\duilib\listex\duilib\Core/UIManager.h(48): warning C4091: “typedef ”: 没有声明变量时忽略“DuiLib::EVENTTYPE_UI”的左侧
Control\UISlider.cpp(180): warning C4302: “类型转换”: 从“LPWSTR”到“WORD”截断
  UIScrollBar.cpp
e:\demo\lenovo\duilib\listex\duilib\Core/UIManager.h(48): warning C4091: “typedef ”: 没有声明变量时忽略“DuiLib::EVENTTYPE_UI”的左侧
  UIRichEdit.cpp
e:\demo\lenovo\duilib\listex\duilib\Core/UIManager.h(48): warning C4091: “typedef ”: 没有声明变量时忽略“DuiLib::EVENTTYPE_UI”的左侧
Control\UIRichEdit.cpp(268): warning C4101: “hr”: 未引用的局部变量
  UIProgress.cpp
e:\demo\lenovo\duilib\listex\duilib\Core/UIManager.h(48): warning C4091: “typedef ”: 没有声明变量时忽略“DuiLib::EVENTTYPE_UI”的左侧
  UIOption.cpp
e:\demo\lenovo\duilib\listex\duilib\Core/UIManager.h(48): warning C4091: “typedef ”: 没有声明变量时忽略“DuiLib::EVENTTYPE_UI”的左侧
  UIList.cpp
e:\demo\lenovo\duilib\listex\duilib\Core/UIManager.h(48): warning C4091: “typedef ”: 没有声明变量时忽略“DuiLib::EVENTTYPE_UI”的左侧
Control\UIList.cpp(377): warning C4800: “WPARAM”: 将值强制为布尔值“true”或“false”(性能警告)
Control\UIList.cpp(1629): warning C4302: “类型转换”: 从“LPWSTR”到“WORD”截断
Control\UIList.cpp(2158): warning C4302: “类型转换”: 从“LPWSTR”到“WORD”截断
  UILabel.cpp
e:\demo\lenovo\duilib\listex\duilib\Core/UIManager.h(48): warning C4091: “typedef ”: 没有声明变量时忽略“DuiLib::EVENTTYPE_UI”的左侧
Control\UILabel.cpp(67): warning C4297: “DuiLib::CLabelUI::~CLabelUI”: 假定函数不引发异常，但确实发生了
  Control\UILabel.cpp(67): note: 析构函数或释放器具有一个(可能是隐含的)非引发异常规范
  UIGifAnim.cpp
e:\demo\lenovo\duilib\listex\duilib\Core/UIManager.h(48): warning C4091: “typedef ”: 没有声明变量时忽略“DuiLib::EVENTTYPE_UI”的左侧
  UIEdit.cpp
e:\demo\lenovo\duilib\listex\duilib\Core/UIManager.h(48): warning C4091: “typedef ”: 没有声明变量时忽略“DuiLib::EVENTTYPE_UI”的左侧
Control\UIEdit.cpp(201): warning C4302: “类型转换”: 从“LPWSTR”到“WORD”截断
  UIDateTime.cpp
e:\demo\lenovo\duilib\listex\duilib\Core/UIManager.h(48): warning C4091: “typedef ”: 没有声明变量时忽略“DuiLib::EVENTTYPE_UI”的左侧
Control\UIDateTime.cpp(231): warning C4302: “类型转换”: 从“LPWSTR”到“WORD”截断
  UICustomButton.cpp
e:\demo\lenovo\duilib\listex\duilib\Core/UIManager.h(48): warning C4091: “typedef ”: 没有声明变量时忽略“DuiLib::EVENTTYPE_UI”的左侧
  UICombo.cpp
e:\demo\lenovo\duilib\listex\duilib\Core/UIManager.h(48): warning C4091: “typedef ”: 没有声明变量时忽略“DuiLib::EVENTTYPE_UI”的左侧
  UICheckBox.cpp
e:\demo\lenovo\duilib\listex\duilib\Core/UIManager.h(48): warning C4091: “typedef ”: 没有声明变量时忽略“DuiLib::EVENTTYPE_UI”的左侧
  正在生成代码...
  正在编译...
  UIButton.cpp
e:\demo\lenovo\duilib\listex\duilib\Core/UIManager.h(48): warning C4091: “typedef ”: 没有声明变量时忽略“DuiLib::EVENTTYPE_UI”的左侧
Control\UIButton.cpp(114): warning C4302: “类型转换”: 从“LPWSTR”到“WORD”截断
Control\UIButton.cpp(482): warning C4244: “参数”: 从“LONG”转换到“Gdiplus::REAL”，可能丢失数据
  UIActiveX.cpp
e:\demo\lenovo\duilib\listex\duilib\Core/UIManager.h(48): warning C4091: “typedef ”: 没有声明变量时忽略“DuiLib::EVENTTYPE_UI”的左侧
  LabelEX.cpp
e:\demo\lenovo\duilib\listex\duilib\Core/UIManager.h(48): warning C4091: “typedef ”: 没有声明变量时忽略“DuiLib::EVENTTYPE_UI”的左侧
  正在生成代码...
  stb_image.c
  XUnzip.cpp
LINK : warning LNK4068: 未指定 /MACHINE；默认设置为 X86
  DuiLib.vcxproj -> E:\Demo\Lenovo\Duilib\ListEx\lib\DuiLib.lib
