e:\demo\lenovo\duilib\win32project1\duilib\build\debug\duilib.pch
e:\demo\lenovo\duilib\win32project1\duilib\debug\duilib.pdb
e:\demo\lenovo\duilib\win32project1\duilib\debug\duilib.idb
e:\demo\lenovo\duilib\win32project1\duilib\debug\stdafx.obj
e:\demo\lenovo\duilib\win32project1\duilib\debug\uimanager.obj
e:\demo\lenovo\duilib\win32project1\duilib\debug\uimarkup.obj
e:\demo\lenovo\duilib\win32project1\duilib\debug\uirender.obj
e:\demo\lenovo\duilib\win32project1\duilib\debug\cbuttonswitchex.obj
e:\demo\lenovo\duilib\win32project1\duilib\debug\commonmsgbox.obj
e:\demo\lenovo\duilib\win32project1\duilib\debug\cprogressex.obj
e:\demo\lenovo\duilib\win32project1\duilib\debug\rotateanimateui.obj
e:\demo\lenovo\duilib\win32project1\duilib\debug\uianimationoption.obj
e:\demo\lenovo\duilib\win32project1\duilib\debug\uisequencepicture.obj
e:\demo\lenovo\duilib\win32project1\duilib\debug\uishadow.obj
e:\demo\lenovo\duilib\win32project1\duilib\debug\uichildlayout.obj
e:\demo\lenovo\duilib\win32project1\duilib\debug\uihorizontallayout.obj
e:\demo\lenovo\duilib\win32project1\duilib\debug\uitablayout.obj
e:\demo\lenovo\duilib\win32project1\duilib\debug\uitilelayout.obj
e:\demo\lenovo\duilib\win32project1\duilib\debug\uiverticallayout.obj
e:\demo\lenovo\duilib\win32project1\duilib\debug\uilib.obj
e:\demo\lenovo\duilib\win32project1\duilib\debug\uidelegate.obj
e:\demo\lenovo\duilib\win32project1\duilib\debug\uiutil.obj
e:\demo\lenovo\duilib\win32project1\duilib\debug\utils.obj
e:\demo\lenovo\duilib\win32project1\duilib\debug\winimplbase.obj
e:\demo\lenovo\duilib\win32project1\duilib\debug\uicheckbox.obj
e:\demo\lenovo\duilib\win32project1\duilib\debug\uicombo.obj
e:\demo\lenovo\duilib\win32project1\duilib\debug\uicustombutton.obj
e:\demo\lenovo\duilib\win32project1\duilib\debug\uidatetime.obj
e:\demo\lenovo\duilib\win32project1\duilib\debug\uiedit.obj
e:\demo\lenovo\duilib\win32project1\duilib\debug\uigifanim.obj
e:\demo\lenovo\duilib\win32project1\duilib\debug\uilabel.obj
e:\demo\lenovo\duilib\win32project1\duilib\debug\uilist.obj
e:\demo\lenovo\duilib\win32project1\duilib\debug\uioption.obj
e:\demo\lenovo\duilib\win32project1\duilib\debug\uiprogress.obj
e:\demo\lenovo\duilib\win32project1\duilib\debug\uirichedit.obj
e:\demo\lenovo\duilib\win32project1\duilib\debug\uiscrollbar.obj
e:\demo\lenovo\duilib\win32project1\duilib\debug\uislider.obj
e:\demo\lenovo\duilib\win32project1\duilib\debug\uitext.obj
e:\demo\lenovo\duilib\win32project1\duilib\debug\uitreeview.obj
e:\demo\lenovo\duilib\win32project1\duilib\debug\uiwebbrowser.obj
e:\demo\lenovo\duilib\win32project1\duilib\debug\uibase.obj
e:\demo\lenovo\duilib\win32project1\duilib\debug\uicontainer.obj
e:\demo\lenovo\duilib\win32project1\duilib\debug\uicontrol.obj
e:\demo\lenovo\duilib\win32project1\duilib\debug\uidlgbuilder.obj
e:\demo\lenovo\duilib\win32project1\duilib\debug\labelex.obj
e:\demo\lenovo\duilib\win32project1\duilib\debug\uiactivex.obj
e:\demo\lenovo\duilib\win32project1\duilib\debug\uibutton.obj
e:\demo\lenovo\duilib\win32project1\duilib\debug\stb_image.obj
e:\demo\lenovo\duilib\win32project1\duilib\debug\xunzip.obj
e:\demo\lenovo\duilib\listex\duilib\build\debug\duilib.pch
e:\demo\lenovo\duilib\listex\duilib\debug\duilib.pdb
e:\demo\lenovo\duilib\listex\duilib\debug\duilib.idb
e:\demo\lenovo\duilib\listex\duilib\debug\stdafx.obj
e:\demo\lenovo\duilib\listex\duilib\debug\uimanager.obj
e:\demo\lenovo\duilib\listex\duilib\debug\uimarkup.obj
e:\demo\lenovo\duilib\listex\duilib\debug\uirender.obj
e:\demo\lenovo\duilib\listex\duilib\debug\cbuttonswitchex.obj
e:\demo\lenovo\duilib\listex\duilib\debug\commonmsgbox.obj
e:\demo\lenovo\duilib\listex\duilib\debug\cprogressex.obj
e:\demo\lenovo\duilib\listex\duilib\debug\rotateanimateui.obj
e:\demo\lenovo\duilib\listex\duilib\debug\uianimationoption.obj
e:\demo\lenovo\duilib\listex\duilib\debug\uisequencepicture.obj
e:\demo\lenovo\duilib\listex\duilib\debug\uishadow.obj
e:\demo\lenovo\duilib\listex\duilib\debug\uichildlayout.obj
e:\demo\lenovo\duilib\listex\duilib\debug\uihorizontallayout.obj
e:\demo\lenovo\duilib\listex\duilib\debug\uitablayout.obj
e:\demo\lenovo\duilib\listex\duilib\debug\uitilelayout.obj
e:\demo\lenovo\duilib\listex\duilib\debug\uiverticallayout.obj
e:\demo\lenovo\duilib\listex\duilib\debug\uilib.obj
e:\demo\lenovo\duilib\listex\duilib\debug\uidelegate.obj
e:\demo\lenovo\duilib\listex\duilib\debug\uiutil.obj
e:\demo\lenovo\duilib\listex\duilib\debug\utils.obj
e:\demo\lenovo\duilib\listex\duilib\debug\winimplbase.obj
e:\demo\lenovo\duilib\listex\duilib\debug\uicheckbox.obj
e:\demo\lenovo\duilib\listex\duilib\debug\uicombo.obj
e:\demo\lenovo\duilib\listex\duilib\debug\uicustombutton.obj
e:\demo\lenovo\duilib\listex\duilib\debug\uidatetime.obj
e:\demo\lenovo\duilib\listex\duilib\debug\uiedit.obj
e:\demo\lenovo\duilib\listex\duilib\debug\uigifanim.obj
e:\demo\lenovo\duilib\listex\duilib\debug\uilabel.obj
e:\demo\lenovo\duilib\listex\duilib\debug\uilist.obj
e:\demo\lenovo\duilib\listex\duilib\debug\uioption.obj
e:\demo\lenovo\duilib\listex\duilib\debug\uiprogress.obj
e:\demo\lenovo\duilib\listex\duilib\debug\uirichedit.obj
e:\demo\lenovo\duilib\listex\duilib\debug\uiscrollbar.obj
e:\demo\lenovo\duilib\listex\duilib\debug\uislider.obj
e:\demo\lenovo\duilib\listex\duilib\debug\uitext.obj
e:\demo\lenovo\duilib\listex\duilib\debug\uitreeview.obj
e:\demo\lenovo\duilib\listex\duilib\debug\uiwebbrowser.obj
e:\demo\lenovo\duilib\listex\duilib\debug\uibase.obj
e:\demo\lenovo\duilib\listex\duilib\debug\uicontainer.obj
e:\demo\lenovo\duilib\listex\duilib\debug\uicontrol.obj
e:\demo\lenovo\duilib\listex\duilib\debug\uidlgbuilder.obj
e:\demo\lenovo\duilib\listex\duilib\debug\labelex.obj
e:\demo\lenovo\duilib\listex\duilib\debug\uiactivex.obj
e:\demo\lenovo\duilib\listex\duilib\debug\uibutton.obj
e:\demo\lenovo\duilib\listex\duilib\debug\stb_image.obj
e:\demo\lenovo\duilib\listex\duilib\debug\xunzip.obj
e:\demo\lenovo\duilib\win32project1\lib\duilib.lib
e:\demo\lenovo\duilib\listex\lib\duilib.lib
e:\demo\lenovo\duilib\win32project1\duilib\debug\duilib.res
e:\demo\lenovo\duilib\listex\duilib\debug\duilib.res
e:\demo\lenovo\duilib\listex\lib\duilib.pdb
e:\demo\lenovo\duilib\listex\duilib\debug\duilib.tlog\cl.command.1.tlog
e:\demo\lenovo\duilib\listex\duilib\debug\duilib.tlog\cl.read.1.tlog
e:\demo\lenovo\duilib\listex\duilib\debug\duilib.tlog\cl.write.1.tlog
e:\demo\lenovo\duilib\listex\duilib\debug\duilib.tlog\lib-link-cvtres.read.1.tlog
e:\demo\lenovo\duilib\listex\duilib\debug\duilib.tlog\lib-link-cvtres.write.1.tlog
e:\demo\lenovo\duilib\listex\duilib\debug\duilib.tlog\lib.command.1.tlog
e:\demo\lenovo\duilib\listex\duilib\debug\duilib.tlog\rc.command.1.tlog
e:\demo\lenovo\duilib\listex\duilib\debug\duilib.tlog\rc.read.1.tlog
e:\demo\lenovo\duilib\listex\duilib\debug\duilib.tlog\rc.write.1.tlog
