e:\demo\lenovo\duilib\win32project1\duilibwke\debug\duilibwke.pch
e:\demo\lenovo\duilib\win32project1\duilibwke\debug\duilibwke.pdb
e:\demo\lenovo\duilib\win32project1\duilibwke\debug\duilibwke.idb
e:\demo\lenovo\duilib\win32project1\duilibwke\debug\stdafx.obj
e:\demo\lenovo\duilib\win32project1\duilibwke\debug\uiwkewindowlessbrowser.obj
e:\demo\lenovo\duilib\listex\duilibwke\debug\duilibwke.pch
e:\demo\lenovo\duilib\listex\duilibwke\debug\duilibwke.pdb
e:\demo\lenovo\duilib\listex\duilibwke\debug\duilibwke.idb
e:\demo\lenovo\duilib\listex\duilibwke\debug\stdafx.obj
e:\demo\lenovo\duilib\listex\duilibwke\debug\uiwkewindowlessbrowser.obj
e:\demo\lenovo\duilib\win32project1\lib\duilibwke.lib
e:\demo\lenovo\duilib\listex\lib\duilibwke.lib
e:\demo\lenovo\duilib\listex\duilibwke\debug\duilibwke.vcxprojresolveassemblyreference.cache
e:\demo\lenovo\duilib\listex\lib\duilibwke.pdb
e:\demo\lenovo\duilib\listex\duilibwke\debug\duilibwke.tlog\cl.command.1.tlog
e:\demo\lenovo\duilib\listex\duilibwke\debug\duilibwke.tlog\cl.read.1.tlog
e:\demo\lenovo\duilib\listex\duilibwke\debug\duilibwke.tlog\cl.write.1.tlog
e:\demo\lenovo\duilib\listex\duilibwke\debug\duilibwke.tlog\lib-link.read.1.tlog
e:\demo\lenovo\duilib\listex\duilibwke\debug\duilibwke.tlog\lib-link.write.1.tlog
e:\demo\lenovo\duilib\listex\duilibwke\debug\duilibwke.tlog\lib.command.1.tlog
